[0.701s] Invoking command in '/home/hp/ros2_ws_horizon_/src/task2_node': PYTHONPATH=/home/hp/ros2_ws_horizon_/src/build/task2_node/prefix_override:/usr/lib/python3/dist-packages/colcon_core/task/python/colcon_distutils_commands:/home/hp/ros2_ws_horizon_/src/install/task2_node/lib/python3.10/site-packages:${PYTHONPATH} /usr/bin/python3 -W ignore:setup.py install is deprecated -W ignore:easy_install command is deprecated setup.py egg_info --egg-base ../build/task2_node build --build-base /home/hp/ros2_ws_horizon_/src/build/task2_node/build install --record /home/hp/ros2_ws_horizon_/src/build/task2_node/install.log --single-version-externally-managed install_data
[0.987s] running egg_info
[0.988s] writing ../build/task2_node/task2_node.egg-info/PKG-INFO
[0.988s] writing dependency_links to ../build/task2_node/task2_node.egg-info/dependency_links.txt
[0.988s] writing entry points to ../build/task2_node/task2_node.egg-info/entry_points.txt
[0.988s] writing requirements to ../build/task2_node/task2_node.egg-info/requires.txt
[0.988s] writing top-level names to ../build/task2_node/task2_node.egg-info/top_level.txt
[0.991s] reading manifest file '../build/task2_node/task2_node.egg-info/SOURCES.txt'
[0.992s] writing manifest file '../build/task2_node/task2_node.egg-info/SOURCES.txt'
[0.992s] running build
[0.992s] running build_py
[0.992s] copying task2_node/publisher_node.py -> /home/hp/ros2_ws_horizon_/src/build/task2_node/build/lib/task2_node
[0.992s] copying task2_node/subscriber_node.py -> /home/hp/ros2_ws_horizon_/src/build/task2_node/build/lib/task2_node
[0.993s] running install
[0.993s] running install_lib
[0.994s] copying /home/hp/ros2_ws_horizon_/src/build/task2_node/build/lib/task2_node/publisher_node.py -> /home/hp/ros2_ws_horizon_/src/install/task2_node/lib/python3.10/site-packages/task2_node
[0.994s] copying /home/hp/ros2_ws_horizon_/src/build/task2_node/build/lib/task2_node/subscriber_node.py -> /home/hp/ros2_ws_horizon_/src/install/task2_node/lib/python3.10/site-packages/task2_node
[0.995s] byte-compiling /home/hp/ros2_ws_horizon_/src/install/task2_node/lib/python3.10/site-packages/task2_node/publisher_node.py to publisher_node.cpython-310.pyc
[0.996s] byte-compiling /home/hp/ros2_ws_horizon_/src/install/task2_node/lib/python3.10/site-packages/task2_node/subscriber_node.py to subscriber_node.cpython-310.pyc
[0.996s] running install_data
[0.996s] running install_egg_info
[0.999s] removing '/home/hp/ros2_ws_horizon_/src/install/task2_node/lib/python3.10/site-packages/task2_node-0.0.0-py3.10.egg-info' (and everything under it)
[0.999s] Copying ../build/task2_node/task2_node.egg-info to /home/hp/ros2_ws_horizon_/src/install/task2_node/lib/python3.10/site-packages/task2_node-0.0.0-py3.10.egg-info
[1.001s] running install_scripts
[1.022s] Installing publisher_node script to /home/hp/ros2_ws_horizon_/src/install/task2_node/lib/task2_node
[1.022s] Installing subscriber_node script to /home/hp/ros2_ws_horizon_/src/install/task2_node/lib/task2_node
[1.023s] writing list of installed files to '/home/hp/ros2_ws_horizon_/src/build/task2_node/install.log'
[1.056s] Invoked command in '/home/hp/ros2_ws_horizon_/src/task2_node' returned '0': PYTHONPATH=/home/hp/ros2_ws_horizon_/src/build/task2_node/prefix_override:/usr/lib/python3/dist-packages/colcon_core/task/python/colcon_distutils_commands:/home/hp/ros2_ws_horizon_/src/install/task2_node/lib/python3.10/site-packages:${PYTHONPATH} /usr/bin/python3 -W ignore:setup.py install is deprecated -W ignore:easy_install command is deprecated setup.py egg_info --egg-base ../build/task2_node build --build-base /home/hp/ros2_ws_horizon_/src/build/task2_node/build install --record /home/hp/ros2_ws_horizon_/src/build/task2_node/install.log --single-version-externally-managed install_data
