running egg_info
creating ../build/task2_node/task2_node.egg-info
writing ../build/task2_node/task2_node.egg-info/PKG-INFO
writing dependency_links to ../build/task2_node/task2_node.egg-info/dependency_links.txt
writing entry points to ../build/task2_node/task2_node.egg-info/entry_points.txt
writing requirements to ../build/task2_node/task2_node.egg-info/requires.txt
writing top-level names to ../build/task2_node/task2_node.egg-info/top_level.txt
writing manifest file '../build/task2_node/task2_node.egg-info/SOURCES.txt'
reading manifest file '../build/task2_node/task2_node.egg-info/SOURCES.txt'
writing manifest file '../build/task2_node/task2_node.egg-info/SOURCES.txt'
running build
running build_py
creating /home/hp/ros2_ws_horizon_/src/build/task2_node/build
creating /home/hp/ros2_ws_horizon_/src/build/task2_node/build/lib
creating /home/hp/ros2_ws_horizon_/src/build/task2_node/build/lib/task2_node
copying task2_node/publisher_node.py -> /home/hp/ros2_ws_horizon_/src/build/task2_node/build/lib/task2_node
copying task2_node/subscriber_node.py -> /home/hp/ros2_ws_horizon_/src/build/task2_node/build/lib/task2_node
copying task2_node/__init__.py -> /home/hp/ros2_ws_horizon_/src/build/task2_node/build/lib/task2_node
running install
running install_lib
creating /home/hp/ros2_ws_horizon_/src/install/task2_node/lib/python3.10/site-packages/task2_node
copying /home/hp/ros2_ws_horizon_/src/build/task2_node/build/lib/task2_node/publisher_node.py -> /home/hp/ros2_ws_horizon_/src/install/task2_node/lib/python3.10/site-packages/task2_node
copying /home/hp/ros2_ws_horizon_/src/build/task2_node/build/lib/task2_node/subscriber_node.py -> /home/hp/ros2_ws_horizon_/src/install/task2_node/lib/python3.10/site-packages/task2_node
copying /home/hp/ros2_ws_horizon_/src/build/task2_node/build/lib/task2_node/__init__.py -> /home/hp/ros2_ws_horizon_/src/install/task2_node/lib/python3.10/site-packages/task2_node
byte-compiling /home/hp/ros2_ws_horizon_/src/install/task2_node/lib/python3.10/site-packages/task2_node/publisher_node.py to publisher_node.cpython-310.pyc
byte-compiling /home/hp/ros2_ws_horizon_/src/install/task2_node/lib/python3.10/site-packages/task2_node/subscriber_node.py to subscriber_node.cpython-310.pyc
byte-compiling /home/hp/ros2_ws_horizon_/src/install/task2_node/lib/python3.10/site-packages/task2_node/__init__.py to __init__.cpython-310.pyc
running install_data
creating /home/hp/ros2_ws_horizon_/src/install/task2_node/share/ament_index
creating /home/hp/ros2_ws_horizon_/src/install/task2_node/share/ament_index/resource_index
creating /home/hp/ros2_ws_horizon_/src/install/task2_node/share/ament_index/resource_index/packages
copying resource/task2_node -> /home/hp/ros2_ws_horizon_/src/install/task2_node/share/ament_index/resource_index/packages
copying package.xml -> /home/hp/ros2_ws_horizon_/src/install/task2_node/share/task2_node
running install_egg_info
Copying ../build/task2_node/task2_node.egg-info to /home/hp/ros2_ws_horizon_/src/install/task2_node/lib/python3.10/site-packages/task2_node-0.0.0-py3.10.egg-info
running install_scripts
Installing publisher_node = task2_node.publisher_node:mainsubscriber_node script to /home/hp/ros2_ws_horizon_/src/install/task2_node/lib/task2_node
writing list of installed files to '/home/hp/ros2_ws_horizon_/src/build/task2_node/install.log'
