[0.692s] Invoking command in '/home/hp/ros2_ws_horizon_/src/task2_node': PYTHONPATH=/home/hp/ros2_ws_horizon_/src/build/task2_node/prefix_override:/usr/lib/python3/dist-packages/colcon_core/task/python/colcon_distutils_commands:/home/hp/ros2_ws_horizon_/src/install/task2_node/lib/python3.10/site-packages:${PYTHONPATH} /usr/bin/python3 -W ignore:setup.py install is deprecated -W ignore:easy_install command is deprecated setup.py egg_info --egg-base ../build/task2_node build --build-base /home/hp/ros2_ws_horizon_/src/build/task2_node/build install --record /home/hp/ros2_ws_horizon_/src/build/task2_node/install.log --single-version-externally-managed install_data
[0.962s] running egg_info
[0.962s] creating ../build/task2_node/task2_node.egg-info
[0.962s] writing ../build/task2_node/task2_node.egg-info/PKG-INFO
[0.963s] writing dependency_links to ../build/task2_node/task2_node.egg-info/dependency_links.txt
[0.963s] writing entry points to ../build/task2_node/task2_node.egg-info/entry_points.txt
[0.963s] writing requirements to ../build/task2_node/task2_node.egg-info/requires.txt
[0.963s] writing top-level names to ../build/task2_node/task2_node.egg-info/top_level.txt
[0.963s] writing manifest file '../build/task2_node/task2_node.egg-info/SOURCES.txt'
[0.965s] reading manifest file '../build/task2_node/task2_node.egg-info/SOURCES.txt'
[0.966s] writing manifest file '../build/task2_node/task2_node.egg-info/SOURCES.txt'
[0.966s] running build
[0.967s] running build_py
[0.967s] creating /home/hp/ros2_ws_horizon_/src/build/task2_node/build
[0.967s] creating /home/hp/ros2_ws_horizon_/src/build/task2_node/build/lib
[0.967s] creating /home/hp/ros2_ws_horizon_/src/build/task2_node/build/lib/task2_node
[0.967s] copying task2_node/publisher_node.py -> /home/hp/ros2_ws_horizon_/src/build/task2_node/build/lib/task2_node
[0.967s] copying task2_node/subscriber_node.py -> /home/hp/ros2_ws_horizon_/src/build/task2_node/build/lib/task2_node
[0.967s] copying task2_node/__init__.py -> /home/hp/ros2_ws_horizon_/src/build/task2_node/build/lib/task2_node
[0.968s] running install
[0.968s] running install_lib
[0.969s] creating /home/hp/ros2_ws_horizon_/src/install/task2_node/lib/python3.10/site-packages/task2_node
[0.969s] copying /home/hp/ros2_ws_horizon_/src/build/task2_node/build/lib/task2_node/publisher_node.py -> /home/hp/ros2_ws_horizon_/src/install/task2_node/lib/python3.10/site-packages/task2_node
[0.969s] copying /home/hp/ros2_ws_horizon_/src/build/task2_node/build/lib/task2_node/subscriber_node.py -> /home/hp/ros2_ws_horizon_/src/install/task2_node/lib/python3.10/site-packages/task2_node
[0.970s] copying /home/hp/ros2_ws_horizon_/src/build/task2_node/build/lib/task2_node/__init__.py -> /home/hp/ros2_ws_horizon_/src/install/task2_node/lib/python3.10/site-packages/task2_node
[0.970s] byte-compiling /home/hp/ros2_ws_horizon_/src/install/task2_node/lib/python3.10/site-packages/task2_node/publisher_node.py to publisher_node.cpython-310.pyc
[0.971s] byte-compiling /home/hp/ros2_ws_horizon_/src/install/task2_node/lib/python3.10/site-packages/task2_node/subscriber_node.py to subscriber_node.cpython-310.pyc
[0.971s] byte-compiling /home/hp/ros2_ws_horizon_/src/install/task2_node/lib/python3.10/site-packages/task2_node/__init__.py to __init__.cpython-310.pyc
[0.971s] running install_data
[0.972s] creating /home/hp/ros2_ws_horizon_/src/install/task2_node/share/ament_index
[0.972s] creating /home/hp/ros2_ws_horizon_/src/install/task2_node/share/ament_index/resource_index
[0.972s] creating /home/hp/ros2_ws_horizon_/src/install/task2_node/share/ament_index/resource_index/packages
[0.972s] copying resource/task2_node -> /home/hp/ros2_ws_horizon_/src/install/task2_node/share/ament_index/resource_index/packages
[0.972s] copying package.xml -> /home/hp/ros2_ws_horizon_/src/install/task2_node/share/task2_node
[0.972s] running install_egg_info
[0.974s] Copying ../build/task2_node/task2_node.egg-info to /home/hp/ros2_ws_horizon_/src/install/task2_node/lib/python3.10/site-packages/task2_node-0.0.0-py3.10.egg-info
[0.975s] running install_scripts
[0.996s] Installing publisher_node = task2_node.publisher_node:mainsubscriber_node script to /home/hp/ros2_ws_horizon_/src/install/task2_node/lib/task2_node
[0.996s] writing list of installed files to '/home/hp/ros2_ws_horizon_/src/build/task2_node/install.log'
[1.025s] Invoked command in '/home/hp/ros2_ws_horizon_/src/task2_node' returned '0': PYTHONPATH=/home/hp/ros2_ws_horizon_/src/build/task2_node/prefix_override:/usr/lib/python3/dist-packages/colcon_core/task/python/colcon_distutils_commands:/home/hp/ros2_ws_horizon_/src/install/task2_node/lib/python3.10/site-packages:${PYTHONPATH} /usr/bin/python3 -W ignore:setup.py install is deprecated -W ignore:easy_install command is deprecated setup.py egg_info --egg-base ../build/task2_node build --build-base /home/hp/ros2_ws_horizon_/src/build/task2_node/build install --record /home/hp/ros2_ws_horizon_/src/build/task2_node/install.log --single-version-externally-managed install_data
