[0.868s] Invoking command in '/home/hp/ros2_ws_horizon_/src/task2_node': PYTHONPATH=/home/hp/ros2_ws_horizon_/src/build/task2_node/prefix_override:/usr/lib/python3/dist-packages/colcon_core/task/python/colcon_distutils_commands:/home/hp/ros2_ws_horizon_/src/install/task2_node/lib/python3.10/site-packages:${PYTHONPATH} /usr/bin/python3 -W ignore:setup.py install is deprecated -W ignore:easy_install command is deprecated setup.py egg_info --egg-base ../build/task2_node build --build-base /home/hp/ros2_ws_horizon_/src/build/task2_node/build install --record /home/hp/ros2_ws_horizon_/src/build/task2_node/install.log --single-version-externally-managed install_data
[1.213s] running egg_info
[1.214s] writing ../build/task2_node/task2_node.egg-info/PKG-INFO
[1.214s] writing dependency_links to ../build/task2_node/task2_node.egg-info/dependency_links.txt
[1.214s] writing entry points to ../build/task2_node/task2_node.egg-info/entry_points.txt
[1.215s] writing requirements to ../build/task2_node/task2_node.egg-info/requires.txt
[1.215s] writing top-level names to ../build/task2_node/task2_node.egg-info/top_level.txt
[1.218s] reading manifest file '../build/task2_node/task2_node.egg-info/SOURCES.txt'
[1.271s] writing manifest file '../build/task2_node/task2_node.egg-info/SOURCES.txt'
[1.271s] running build
[1.272s] running build_py
[1.272s] copying task2_node/publisher_node.py -> /home/hp/ros2_ws_horizon_/src/build/task2_node/build/lib/task2_node
[1.293s] running install
[1.294s] running install_lib
[1.302s] copying /home/hp/ros2_ws_horizon_/src/build/task2_node/build/lib/task2_node/publisher_node.py -> /home/hp/ros2_ws_horizon_/src/install/task2_node/lib/python3.10/site-packages/task2_node
[1.317s] byte-compiling /home/hp/ros2_ws_horizon_/src/install/task2_node/lib/python3.10/site-packages/task2_node/publisher_node.py to publisher_node.cpython-310.pyc
[1.326s] running install_data
[1.327s] running install_egg_info
[1.333s] removing '/home/hp/ros2_ws_horizon_/src/install/task2_node/lib/python3.10/site-packages/task2_node-0.0.0-py3.10.egg-info' (and everything under it)
[1.335s] Copying ../build/task2_node/task2_node.egg-info to /home/hp/ros2_ws_horizon_/src/install/task2_node/lib/python3.10/site-packages/task2_node-0.0.0-py3.10.egg-info
[1.362s] running install_scripts
[1.403s] Installing publisher_node script to /home/hp/ros2_ws_horizon_/src/install/task2_node/lib/task2_node
[1.403s] Installing subscriber_node script to /home/hp/ros2_ws_horizon_/src/install/task2_node/lib/task2_node
[1.404s] writing list of installed files to '/home/hp/ros2_ws_horizon_/src/build/task2_node/install.log'
[1.455s] Invoked command in '/home/hp/ros2_ws_horizon_/src/task2_node' returned '0': PYTHONPATH=/home/hp/ros2_ws_horizon_/src/build/task2_node/prefix_override:/usr/lib/python3/dist-packages/colcon_core/task/python/colcon_distutils_commands:/home/hp/ros2_ws_horizon_/src/install/task2_node/lib/python3.10/site-packages:${PYTHONPATH} /usr/bin/python3 -W ignore:setup.py install is deprecated -W ignore:easy_install command is deprecated setup.py egg_info --egg-base ../build/task2_node build --build-base /home/hp/ros2_ws_horizon_/src/build/task2_node/build install --record /home/hp/ros2_ws_horizon_/src/build/task2_node/install.log --single-version-externally-managed install_data
